Determining if the pthread_create exist failed with the following output:
Change Dir: /home/chen/ros/workspace_genki/pr2_ws/build/eipl_tutorial/CMakeFiles/CMakeTmp

Run Build Command:"/usr/bin/make" "cmTC_ba7ac/fast"
/usr/bin/make -f CMakeFiles/cmTC_ba7ac.dir/build.make CMakeFiles/cmTC_ba7ac.dir/build
make[1]: Entering directory '/home/chen/ros/workspace_genki/pr2_ws/build/eipl_tutorial/CMakeFiles/CMakeTmp'
Building C object CMakeFiles/cmTC_ba7ac.dir/CheckSymbolExists.c.o
/usr/bin/cc     -o CMakeFiles/cmTC_ba7ac.dir/CheckSymbolExists.c.o   -c /home/chen/ros/workspace_genki/pr2_ws/build/eipl_tutorial/CMakeFiles/CMakeTmp/CheckSymbolExists.c
Linking C executable cmTC_ba7ac
/usr/bin/cmake -E cmake_link_script CMakeFiles/cmTC_ba7ac.dir/link.txt --verbose=1
/usr/bin/cc       CMakeFiles/cmTC_ba7ac.dir/CheckSymbolExists.c.o  -o cmTC_ba7ac -rdynamic 
CMakeFiles/cmTC_ba7ac.dir/CheckSymbolExists.c.o: In function `main':
CheckSymbolExists.c:(.text+0x16): undefined reference to `pthread_create'
collect2: error: ld returned 1 exit status
CMakeFiles/cmTC_ba7ac.dir/build.make:97: recipe for target 'cmTC_ba7ac' failed
make[1]: *** [cmTC_ba7ac] Error 1
make[1]: Leaving directory '/home/chen/ros/workspace_genki/pr2_ws/build/eipl_tutorial/CMakeFiles/CMakeTmp'
Makefile:126: recipe for target 'cmTC_ba7ac/fast' failed
make: *** [cmTC_ba7ac/fast] Error 2

File /home/chen/ros/workspace_genki/pr2_ws/build/eipl_tutorial/CMakeFiles/CMakeTmp/CheckSymbolExists.c:
/* */
#include <pthread.h>

int main(int argc, char** argv)
{
  (void)argv;
#ifndef pthread_create
  return ((int*)(&pthread_create))[argc];
#else
  (void)argc;
  return 0;
#endif
}

Determining if the function pthread_create exists in the pthreads failed with the following output:
Change Dir: /home/chen/ros/workspace_genki/pr2_ws/build/eipl_tutorial/CMakeFiles/CMakeTmp

Run Build Command:"/usr/bin/make" "cmTC_8b791/fast"
/usr/bin/make -f CMakeFiles/cmTC_8b791.dir/build.make CMakeFiles/cmTC_8b791.dir/build
make[1]: Entering directory '/home/chen/ros/workspace_genki/pr2_ws/build/eipl_tutorial/CMakeFiles/CMakeTmp'
Building C object CMakeFiles/cmTC_8b791.dir/CheckFunctionExists.c.o
/usr/bin/cc    -DCHECK_FUNCTION_EXISTS=pthread_create   -o CMakeFiles/cmTC_8b791.dir/CheckFunctionExists.c.o   -c /usr/share/cmake-3.5/Modules/CheckFunctionExists.c
Linking C executable cmTC_8b791
/usr/bin/cmake -E cmake_link_script CMakeFiles/cmTC_8b791.dir/link.txt --verbose=1
/usr/bin/cc   -DCHECK_FUNCTION_EXISTS=pthread_create    CMakeFiles/cmTC_8b791.dir/CheckFunctionExists.c.o  -o cmTC_8b791 -rdynamic -lpthreads 
/usr/bin/ld: cannot find -lpthreads
collect2: error: ld returned 1 exit status
CMakeFiles/cmTC_8b791.dir/build.make:97: recipe for target 'cmTC_8b791' failed
make[1]: *** [cmTC_8b791] Error 1
make[1]: Leaving directory '/home/chen/ros/workspace_genki/pr2_ws/build/eipl_tutorial/CMakeFiles/CMakeTmp'
Makefile:126: recipe for target 'cmTC_8b791/fast' failed
make: *** [cmTC_8b791/fast] Error 2


