[36m--[0m Using CATKIN_DEVEL_PREFIX: /home/student/ros/workspaces/perception_ws/devel/.private/realsense
[36m--[0m Using CMAKE_PREFIX_PATH: /home/student/ros/workspaces/perception_ws/devel;/opt/ros/noetic
[36m--[0m This workspace overlays: /home/student/ros/workspaces/perception_ws/devel;/opt/ros/noetic
[36m--[0m Found PythonInterp: /usr/bin/python3 (found suitable version "3.8.10", minimum required is "3")
[36m--[0m Using PYTHON_EXECUTABLE: /usr/bin/python3
[36m--[0m Using Debian Python package layout
[36m--[0m Using empy: /usr/lib/python3/dist-packages/em.py
[36m--[0m Using CATKIN_ENABLE_TESTING: ON
[36m--[0m Call enable_testing()
[36m--[0m Using CATKIN_TEST_RESULTS_DIR: /home/student/ros/workspaces/perception_ws/build/realsense/test_results
[36m--[0m Forcing gtest/gmock from source, though one was otherwise available.
[36m--[0m Found gtest sources under '/usr/src/googletest': gtests will be built
[36m--[0m Found gmock sources under '/usr/src/googletest': gmock will be built
[36m--[0m Found PythonInterp: /usr/bin/python3 (found version "3.8.10")
[36m--[0m Using Python nosetests: /usr/bin/nosetests3
[36m--[0m catkin 0.8.10
[36m--[0m BUILD_SHARED_LIBS is on
[36m--[0m Configuring done
[31m[1mCMake Error[0m at /home/student/ros/workspaces/perception_ws/src/realsense/CMakeLists.txt:138 (add_executable):
  Cannot find source file:

    cpp_src/realsense_node.cpp

  Tried extensions .c .C .c++ .cc .cpp .cxx .cu .m .M .mm .h .hh .h++ .hm
  .hpp .hxx .in .txx


[31m[1mCMake Error[0m at /home/student/ros/workspaces/perception_ws/src/realsense/CMakeLists.txt:138 (add_executable):
  No SOURCES given to target: usb_camera_node


CMake Generate step failed.  Build files cannot be regenerated correctly.
make: *** [Makefile:334: cmake_check_build_system] Error 1
