Determining if the pthread_create exist failed with the following output:
Change Dir: /home/chen/ros/workspace_genki/pr2_ws/build/catkin_tools_prebuild/CMakeFiles/CMakeTmp

Run Build Command:"/usr/bin/make" "cmTC_322b0/fast"
/usr/bin/make -f CMakeFiles/cmTC_322b0.dir/build.make CMakeFiles/cmTC_322b0.dir/build
make[1]: Entering directory '/home/chen/ros/workspace_genki/pr2_ws/build/catkin_tools_prebuild/CMakeFiles/CMakeTmp'
Building C object CMakeFiles/cmTC_322b0.dir/CheckSymbolExists.c.o
/usr/bin/cc     -o CMakeFiles/cmTC_322b0.dir/CheckSymbolExists.c.o   -c /home/chen/ros/workspace_genki/pr2_ws/build/catkin_tools_prebuild/CMakeFiles/CMakeTmp/CheckSymbolExists.c
Linking C executable cmTC_322b0
/usr/bin/cmake -E cmake_link_script CMakeFiles/cmTC_322b0.dir/link.txt --verbose=1
/usr/bin/cc       CMakeFiles/cmTC_322b0.dir/CheckSymbolExists.c.o  -o cmTC_322b0 -rdynamic 
CMakeFiles/cmTC_322b0.dir/CheckSymbolExists.c.o: In function `main':
CheckSymbolExists.c:(.text+0x16): undefined reference to `pthread_create'
collect2: error: ld returned 1 exit status
CMakeFiles/cmTC_322b0.dir/build.make:97: recipe for target 'cmTC_322b0' failed
make[1]: *** [cmTC_322b0] Error 1
make[1]: Leaving directory '/home/chen/ros/workspace_genki/pr2_ws/build/catkin_tools_prebuild/CMakeFiles/CMakeTmp'
Makefile:126: recipe for target 'cmTC_322b0/fast' failed
make: *** [cmTC_322b0/fast] Error 2

File /home/chen/ros/workspace_genki/pr2_ws/build/catkin_tools_prebuild/CMakeFiles/CMakeTmp/CheckSymbolExists.c:
/* */
#include <pthread.h>

int main(int argc, char** argv)
{
  (void)argv;
#ifndef pthread_create
  return ((int*)(&pthread_create))[argc];
#else
  (void)argc;
  return 0;
#endif
}

Determining if the function pthread_create exists in the pthreads failed with the following output:
Change Dir: /home/chen/ros/workspace_genki/pr2_ws/build/catkin_tools_prebuild/CMakeFiles/CMakeTmp

Run Build Command:"/usr/bin/make" "cmTC_43dee/fast"
/usr/bin/make -f CMakeFiles/cmTC_43dee.dir/build.make CMakeFiles/cmTC_43dee.dir/build
make[1]: Entering directory '/home/chen/ros/workspace_genki/pr2_ws/build/catkin_tools_prebuild/CMakeFiles/CMakeTmp'
Building C object CMakeFiles/cmTC_43dee.dir/CheckFunctionExists.c.o
/usr/bin/cc    -DCHECK_FUNCTION_EXISTS=pthread_create   -o CMakeFiles/cmTC_43dee.dir/CheckFunctionExists.c.o   -c /usr/share/cmake-3.5/Modules/CheckFunctionExists.c
Linking C executable cmTC_43dee
/usr/bin/cmake -E cmake_link_script CMakeFiles/cmTC_43dee.dir/link.txt --verbose=1
/usr/bin/cc   -DCHECK_FUNCTION_EXISTS=pthread_create    CMakeFiles/cmTC_43dee.dir/CheckFunctionExists.c.o  -o cmTC_43dee -rdynamic -lpthreads 
/usr/bin/ld: cannot find -lpthreads
collect2: error: ld returned 1 exit status
CMakeFiles/cmTC_43dee.dir/build.make:97: recipe for target 'cmTC_43dee' failed
make[1]: *** [cmTC_43dee] Error 1
make[1]: Leaving directory '/home/chen/ros/workspace_genki/pr2_ws/build/catkin_tools_prebuild/CMakeFiles/CMakeTmp'
Makefile:126: recipe for target 'cmTC_43dee/fast' failed
make: *** [cmTC_43dee/fast] Error 2


